SF:lib/app_state.dart
DA:13,0
DA:26,2
DA:29,1
DA:30,2
DA:31,1
DA:32,1
DA:35,1
DA:37,0
DA:38,0
LF:9
LH:6
end_of_record
SF:lib/app_state.g.dart
DA:9,0
DA:10,0
DA:11,0
DA:12,0
DA:13,0
DA:14,0
DA:15,0
DA:16,0
DA:17,0
DA:18,0
DA:20,0
DA:21,0
DA:23,0
DA:26,0
DA:27,0
DA:28,0
DA:29,0
DA:30,0
DA:32,0
DA:33,0
DA:35,0
DA:36,0
DA:37,0
DA:38,0
LF:24
LH:0
end_of_record
SF:lib/redux/actions/set_other_player_ids_action.dart
DA:10,1
DA:11,0
DA:14,0
DA:15,0
DA:17,0
LF:5
LH:1
end_of_record
SF:lib/redux/actions/set_other_player_ids_action.g.dart
DA:9,0
DA:11,0
DA:12,0
DA:15,0
DA:17,0
DA:18,0
DA:19,0
LF:7
LH:0
end_of_record
SF:lib/redux/reducers/set_other_player_ids_reducer.dart
DA:8,1
DA:9,1
DA:10,4
DA:11,4
LF:4
LH:4
end_of_record
SF:lib/challenges/models/challenge_model.dart
DA:14,0
DA:18,6
DA:20,0
DA:22,0
DA:24,0
DA:26,0
DA:29,0
DA:31,0
DA:32,0
DA:33,0
LF:10
LH:1
end_of_record
SF:lib/game/game_state.g.dart
DA:9,0
DA:10,0
DA:11,0
DA:12,0
DA:13,0
DA:14,0
DA:15,0
DA:16,0
DA:17,0
DA:20,0
DA:21,0
DA:22,0
DA:23,0
DA:24,0
DA:26,0
DA:27,0
DA:28,0
DA:29,0
LF:18
LH:0
end_of_record
SF:lib/game/game_state.dart
DA:15,1
DA:16,0
DA:21,2
DA:22,1
DA:23,1
DA:24,1
DA:27,0
DA:28,0
DA:30,0
LF:9
LH:5
end_of_record
SF:lib/challenges/models/challenge_task_model.dart
DA:11,0
DA:12,0
DA:22,0
DA:23,0
DA:25,0
LF:5
LH:0
end_of_record
SF:lib/challenges/models/challenge_task_model.g.dart
DA:9,0
DA:11,0
DA:12,0
DA:13,0
DA:14,0
DA:16,0
DA:18,0
DA:21,0
DA:23,0
DA:24,0
DA:25,0
DA:26,0
DA:27,0
DA:28,0
LF:14
LH:0
end_of_record
SF:lib/game/background/barriers.dart
DA:13,2
DA:14,0
DA:39,1
DA:40,1
DA:42,0
LF:5
LH:3
end_of_record
SF:lib/game/background/barriers.g.dart
DA:9,2
DA:11,1
DA:12,1
LF:3
LH:3
end_of_record
