SF:lib/src/messages/movement/player_path_message.dart
DA:13,0
DA:18,1
DA:19,1
LF:3
LH:2
end_of_record
SF:lib/src/messages/movement/player_path_message.g.dart
DA:9,1
DA:10,1
DA:11,1
DA:12,1
DA:13,2
DA:14,0
DA:17,1
DA:19,1
DA:20,1
DA:21,1
DA:22,2
DA:23,0
LF:12
LH:10
end_of_record
SF:lib/src/messages/presence/other_player_ids_message.dart
DA:14,0
DA:18,0
DA:19,0
LF:3
LH:0
end_of_record
SF:lib/src/messages/presence/other_player_ids_message.g.dart
DA:9,0
DA:11,0
DA:12,0
DA:13,0
DA:16,0
DA:18,0
DA:19,0
DA:20,0
DA:21,0
LF:9
LH:0
end_of_record
SF:lib/src/messages/presence/present_message.dart
DA:13,0
DA:16,0
DA:17,0
LF:3
LH:0
end_of_record
SF:lib/src/messages/presence/present_message.g.dart
DA:9,0
DA:10,0
DA:11,0
DA:12,0
DA:15,0
DA:16,0
DA:17,0
DA:18,0
LF:8
LH:0
end_of_record
SF:lib/src/utils/double2.dart
DA:3,0
DA:7,0
DA:9,0
DA:10,0
DA:12,0
DA:13,0
LF:6
LH:0
end_of_record
