SF:lib/src/test-doubles/auth/data/apple_id_credential_example.dart
DA:4,0
LF:1
LH:0
end_of_record
SF:lib/src/test-doubles/auth/data/auth_user_data_example.dart
DA:5,0
DA:7,0
DA:8,0
DA:11,0
DA:13,0
DA:20,0
DA:23,0
DA:29,0
DA:30,0
DA:33,0
DA:34,0
DA:44,0
DA:46,0
DA:51,0
DA:52,0
DA:57,0
DA:63,0
DA:64,0
DA:67,0
DA:68,0
LF:20
LH:0
end_of_record
SF:lib/src/test-doubles/auth/data/firebase_auth_example.dart
DA:14,0
DA:15,0
DA:16,0
DA:17,0
DA:19,0
DA:20,0
DA:21,0
DA:22,0
DA:23,0
DA:24,0
LF:10
LH:0
end_of_record
SF:lib/src/test-doubles/auth/data/google_sign_in_example.dart
DA:9,0
DA:10,0
DA:11,0
DA:15,0
DA:16,0
DA:17,0
DA:18,0
DA:22,0
DA:23,0
DA:24,0
LF:10
LH:0
end_of_record
SF:lib/src/test-doubles/auth/data/sign_in_with_apple_example.dart
DA:5,0
DA:6,0
DA:8,0
DA:9,0
DA:15,0
DA:26,0
DA:29,0
LF:7
LH:0
end_of_record
SF:lib/src/test-doubles/auth/mocks/auth_test_doubles.mocks.dart
DA:36,0
DA:37,0
DA:40,0
DA:42,0
DA:44,0
DA:46,0
DA:48,0
DA:50,0
DA:51,0
DA:53,0
DA:56,0
DA:57,0
DA:61,0
DA:63,0
DA:65,0
DA:66,0
DA:67,0
DA:69,0
DA:70,0
DA:72,0
DA:74,0
DA:75,0
DA:77,0
DA:79,0
DA:80,0
DA:82,0
DA:84,0
DA:85,0
DA:86,0
DA:87,0
DA:95,0
DA:96,0
DA:99,0
DA:101,0
DA:103,0
DA:105,0
DA:106,0
DA:108,0
DA:109,0
DA:110,0
DA:112,0
DA:113,0
DA:114,0
DA:115,0
DA:117,0
DA:119,0
DA:120,0
DA:121,0
DA:122,0
DA:123,0
DA:130,0
DA:131,0
DA:134,0
DA:135,0
DA:143,0
DA:144,0
DA:147,0
DA:150,0
DA:151,0
DA:152,0
DA:153,0
DA:155,0
DA:156,0
LF:63
LH:0
end_of_record
SF:lib/src/test-doubles/firebase/mocks/firebase_test_doubles.mocks.dart
DA:73,0
DA:74,0
DA:77,0
DA:79,0
DA:80,0
DA:82,0
DA:83,0
DA:84,0
DA:86,0
DA:88,0
DA:90,0
DA:91,0
DA:92,0
DA:93,0
DA:95,0
DA:96,0
DA:97,0
DA:98,0
DA:99,0
DA:101,0
DA:102,0
DA:103,0
DA:104,0
DA:105,0
DA:106,0
DA:113,0
DA:114,0
DA:117,0
DA:118,0
DA:119,0
DA:120,0
DA:122,0
DA:124,0
DA:126,0
DA:128,0
DA:129,0
DA:130,0
DA:131,0
DA:133,0
DA:134,0
DA:135,0
DA:138,0
DA:139,0
DA:141,0
DA:142,0
DA:143,0
DA:144,0
DA:146,0
DA:147,0
DA:148,0
DA:149,0
DA:152,0
DA:153,0
DA:154,0
DA:155,0
DA:156,0
DA:158,0
DA:159,0
DA:160,0
DA:163,0
DA:164,0
DA:165,0
DA:167,0
DA:171,0
DA:172,0
DA:173,0
DA:174,0
DA:176,0
DA:178,0
DA:179,0
DA:181,0
DA:183,0
DA:184,0
DA:185,0
DA:186,0
DA:188,0
DA:189,0
DA:191,0
DA:193,0
DA:194,0
DA:195,0
DA:196,0
DA:198,0
DA:199,0
DA:200,0
DA:203,0
DA:204,0
DA:205,0
DA:206,0
DA:207,0
DA:209,0
DA:210,0
DA:211,0
DA:212,0
DA:214,0
DA:215,0
DA:216,0
DA:217,0
DA:218,0
DA:227,0
DA:228,0
DA:231,0
DA:233,0
DA:234,0
DA:235,0
DA:237,0
DA:238,0
DA:240,0
DA:241,0
DA:243,0
DA:245,0
DA:246,0
DA:249,0
DA:250,0
DA:252,0
DA:254,0
DA:255,0
DA:256,0
DA:257,0
DA:259,0
DA:260,0
DA:261,0
DA:262,0
DA:264,0
DA:265,0
DA:266,0
DA:268,0
DA:271,0
DA:272,0
DA:273,0
DA:274,0
DA:276,0
DA:278,0
DA:279,0
DA:280,0
DA:281,0
DA:285,0
DA:286,0
DA:287,0
DA:288,0
DA:290,0
DA:291,0
DA:300,0
DA:301,0
DA:304,0
DA:306,0
DA:307,0
DA:309,0
DA:310,0
DA:312,0
DA:313,0
DA:314,0
DA:316,0
DA:317,0
DA:318,0
DA:320,0
DA:321,0
DA:322,0
DA:324,0
DA:325,0
DA:326,0
DA:327,0
DA:328,0
DA:332,0
DA:333,0
DA:334,0
DA:335,0
DA:337,0
DA:338,0
DA:339,0
DA:341,0
DA:342,0
DA:343,0
DA:345,0
DA:346,0
DA:347,0
DA:350,0
DA:351,0
DA:352,0
DA:353,0
DA:355,0
DA:356,0
DA:357,0
DA:359,0
DA:361,0
DA:363,0
DA:365,0
DA:366,0
DA:367,0
DA:369,0
DA:370,0
DA:371,0
DA:374,0
DA:375,0
DA:376,0
DA:377,0
DA:379,0
DA:381,0
DA:382,0
DA:383,0
DA:384,0
DA:387,0
DA:388,0
DA:389,0
DA:390,0
DA:392,0
DA:393,0
DA:394,0
DA:397,0
DA:398,0
DA:399,0
DA:400,0
DA:402,0
DA:403,0
DA:404,0
DA:417,0
DA:418,0
DA:420,0
DA:433,0
DA:440,0
DA:441,0
DA:444,0
DA:445,0
DA:446,0
DA:447,0
DA:449,0
DA:451,0
DA:453,0
DA:455,0
DA:457,0
DA:458,0
DA:459,0
DA:461,0
DA:462,0
DA:463,0
DA:464,0
DA:466,0
DA:467,0
DA:468,0
DA:469,0
DA:471,0
DA:472,0
DA:473,0
DA:474,0
DA:476,0
DA:478,0
DA:480,0
DA:482,0
DA:483,0
DA:484,0
DA:485,0
DA:486,0
DA:487,0
DA:490,0
DA:491,0
DA:492,0
DA:494,0
DA:496,0
DA:498,0
DA:499,0
DA:501,0
DA:503,0
DA:505,0
DA:507,0
DA:508,0
DA:509,0
DA:511,0
DA:513,0
DA:514,0
DA:515,0
DA:517,0
DA:518,0
DA:519,0
DA:521,0
DA:522,0
DA:523,0
DA:526,0
DA:527,0
DA:528,0
DA:529,0
DA:530,0
DA:531,0
DA:534,0
DA:535,0
DA:536,0
DA:537,0
DA:538,0
DA:539,0
DA:541,0
DA:542,0
DA:543,0
DA:544,0
DA:551,0
DA:552,0
DA:560,0
DA:561,0
DA:562,0
DA:564,0
DA:565,0
DA:566,0
DA:567,0
DA:569,0
DA:571,0
DA:573,0
DA:576,0
DA:577,0
DA:579,0
DA:581,0
DA:583,0
DA:585,0
DA:587,0
DA:590,0
DA:591,0
DA:592,0
DA:594,0
DA:596,0
DA:599,0
DA:600,0
DA:601,0
DA:603,0
DA:605,0
DA:608,0
DA:609,0
DA:610,0
DA:611,0
DA:613,0
DA:615,0
DA:617,0
DA:619,0
DA:621,0
DA:622,0
DA:623,0
DA:624,0
DA:626,0
DA:627,0
DA:628,0
DA:629,0
DA:631,0
DA:632,0
DA:633,0
DA:643,0
DA:644,0
DA:654,0
DA:655,0
DA:656,0
DA:657,0
DA:664,0
DA:665,0
DA:668,0
DA:670,0
DA:672,0
DA:674,0
DA:676,0
DA:678,0
DA:679,0
DA:680,0
DA:682,0
DA:683,0
DA:684,0
DA:686,0
DA:687,0
DA:689,0
DA:690,0
DA:691,0
DA:692,0
DA:694,0
DA:695,0
DA:696,0
DA:699,0
DA:701,0
DA:703,0
DA:706,0
DA:708,0
DA:710,0
DA:712,0
DA:714,0
DA:716,0
DA:719,0
DA:720,0
DA:721,0
DA:722,0
DA:724,0
DA:727,0
DA:728,0
DA:730,0
DA:732,0
DA:734,0
DA:735,0
DA:736,0
DA:737,0
DA:740,0
DA:741,0
DA:742,0
DA:743,0
DA:744,0
DA:746,0
DA:747,0
DA:749,0
DA:751,0
DA:752,0
DA:753,0
DA:754,0
DA:756,0
DA:757,0
DA:758,0
DA:759,0
DA:762,0
DA:763,0
DA:764,0
DA:765,0
DA:766,0
DA:768,0
DA:769,0
DA:770,0
DA:771,0
DA:773,0
DA:774,0
DA:775,0
DA:776,0
DA:778,0
DA:779,0
DA:780,0
DA:781,0
DA:782,0
DA:783,0
DA:786,0
DA:787,0
DA:788,0
DA:789,0
DA:790,0
DA:791,0
DA:792,0
DA:799,0
DA:800,0
DA:803,0
DA:804,0
LF:436
LH:0
end_of_record
SF:lib/src/test-doubles/http/mocks/http_test_doubles.mocks.dart
DA:33,0
DA:34,0
DA:37,0
DA:39,0
DA:40,0
DA:42,0
DA:44,0
DA:45,0
DA:47,0
DA:52,0
DA:53,0
DA:54,0
DA:55,0
DA:57,0
DA:62,0
DA:63,0
DA:64,0
DA:65,0
DA:67,0
DA:72,0
DA:73,0
DA:74,0
DA:75,0
DA:77,0
DA:82,0
DA:83,0
DA:84,0
DA:85,0
DA:87,0
DA:89,0
DA:90,0
DA:91,0
DA:94,0
DA:95,0
DA:96,0
DA:98,0
DA:100,0
DA:102,0
DA:104,0
DA:105,0
DA:107,0
DA:108,0
LF:42
LH:0
end_of_record
SF:lib/src/test-doubles/platform/mocks/platform_test_doubles.mocks.dart
DA:27,0
DA:28,0
DA:31,0
DA:33,0
DA:35,0
DA:37,0
DA:39,0
DA:41,0
DA:43,0
DA:45,0
DA:47,0
DA:49,0
DA:51,0
DA:53,0
DA:55,0
DA:56,0
DA:64,0
DA:65,0
DA:68,0
DA:78,0
DA:79,0
DA:81,0
DA:91,0
DA:92,0
DA:94,0
DA:95,0
DA:96,0
DA:97,0
LF:28
LH:0
end_of_record
SF:lib/src/test-doubles/redux/empty_reducer.dart
DA:5,2
DA:8,0
LF:2
LH:1
end_of_record
SF:lib/src/test-doubles/redux/example_app_state.dart
DA:10,0
DA:18,2
DA:19,2
DA:20,1
DA:21,1
DA:22,1
DA:23,1
DA:24,1
DA:28,0
DA:29,0
LF:10
LH:7
end_of_record
SF:lib/src/test-doubles/redux/example_app_state.g.dart
DA:9,0
DA:10,0
DA:11,0
DA:12,0
DA:13,0
DA:14,0
DA:15,0
DA:16,0
DA:17,0
DA:18,0
DA:19,0
DA:21,0
DA:24,0
DA:25,0
DA:26,0
DA:27,0
DA:29,0
DA:30,0
DA:32,0
DA:33,0
DA:34,0
LF:21
LH:0
end_of_record
SF:lib/src/test-doubles/redux/fake_store.dart
DA:15,1
DA:17,1
DA:18,2
DA:32,3
DA:36,0
DA:42,0
DA:45,0
DA:46,0
DA:47,0
DA:61,0
DA:63,0
DA:64,0
DA:65,0
DA:66,0
DA:68,0
DA:69,0
DA:72,0
DA:73,0
DA:75,0
DA:76,0
DA:78,0
DA:79,0
LF:22
LH:4
end_of_record
SF:lib/src/test-doubles/redux/redux_test_doubles.mocks.dart
DA:23,0
DA:24,0
DA:27,0
DA:28,0
DA:29,0
DA:30,0
DA:32,0
DA:34,0
DA:36,0
DA:38,0
DA:40,0
DA:42,0
DA:43,0
DA:44,0
DA:46,0
DA:47,0
DA:48,0
DA:49,0
LF:18
LH:0
end_of_record
SF:lib/src/test-doubles/services/mocks/service_test_doubles.mocks.dart
DA:33,0
DA:34,0
DA:46,0
DA:47,0
DA:50,0
DA:52,0
DA:53,0
DA:55,0
DA:57,0
DA:58,0
DA:59,0
DA:61,0
DA:63,0
DA:64,0
DA:65,0
DA:66,0
DA:68,0
DA:70,0
DA:71,0
DA:72,0
DA:74,0
DA:77,0
DA:78,0
DA:80,0
DA:82,0
DA:85,0
DA:86,0
DA:88,0
DA:90,0
DA:92,0
DA:93,0
DA:95,0
DA:98,0
DA:99,0
DA:101,0
DA:103,0
DA:106,0
DA:107,0
DA:109,0
DA:111,0
DA:113,0
DA:114,0
DA:115,0
DA:116,0
DA:117,0
DA:119,0
DA:121,0
DA:124,0
DA:125,0
DA:127,0
DA:129,0
DA:131,0
DA:133,0
DA:135,0
DA:137,0
DA:139,0
DA:141,0
DA:142,0
DA:143,0
DA:144,0
DA:146,0
DA:148,0
DA:149,0
DA:150,0
DA:151,0
DA:152,0
DA:159,0
DA:160,0
DA:163,0
DA:178,0
DA:179,0
DA:194,0
DA:196,0
DA:198,0
DA:199,0
DA:200,0
DA:201,0
DA:204,0
DA:205,0
DA:206,0
DA:207,0
DA:208,0
DA:209,0
DA:211,0
DA:212,0
DA:213,0
DA:214,0
DA:215,0
DA:217,0
DA:218,0
DA:219,0
DA:220,0
DA:222,0
DA:223,0
DA:225,0
DA:240,0
DA:241,0
DA:256,0
DA:258,0
DA:259,0
DA:266,0
DA:267,0
DA:270,0
DA:272,0
DA:274,0
DA:277,0
DA:278,0
DA:279,0
DA:280,0
DA:281,0
DA:282,0
DA:284,0
DA:285,0
DA:286,0
DA:287,0
DA:288,0
DA:295,0
DA:296,0
DA:299,0
DA:301,0
DA:302,0
DA:303,0
DA:304,0
DA:305,0
LF:124
LH:0
end_of_record
SF:lib/src/test-doubles/services/stubs/services_with_mocked_plugins.dart
DA:27,0
DA:29,0
DA:30,0
DA:31,0
DA:32,0
DA:33,0
DA:34,0
DA:35,0
DA:38,0
DA:39,0
DA:42,0
DA:43,0
DA:44,0
DA:45,0
DA:46,0
DA:50,0
DA:51,0
DA:52,0
DA:53,0
DA:54,0
DA:56,0
DA:57,0
DA:59,0
DA:60,0
DA:61,0
DA:67,0
DA:69,0
DA:70,0
DA:72,0
DA:75,0
DA:76,0
LF:31
LH:0
end_of_record
SF:lib/src/test-doubles/stubbed.dart
DA:7,0
DA:8,0
DA:9,0
DA:10,0
DA:12,0
LF:5
LH:0
end_of_record
SF:lib/src/test-doubles/test_exception.dart
DA:3,0
DA:4,0
DA:5,0
LF:3
LH:0
end_of_record
SF:lib/src/test-doubles/widgets/examples/empty_home_page.dart
DA:6,1
DA:8,0
DA:10,0
LF:3
LH:1
end_of_record
SF:lib/src/test-doubles/wrappers/examples/fake_firebase_wrapper.dart
DA:14,0
DA:17,0
DA:19,0
DA:20,0
DA:21,0
LF:5
LH:0
end_of_record
SF:lib/src/utils/app_widget_harness.dart
DA:22,0
DA:23,0
DA:24,0
DA:25,0
DA:27,0
DA:28,0
DA:35,0
DA:40,0
DA:41,0
DA:43,0
DA:44,0
DA:52,0
DA:53,0
DA:54,0
DA:55,0
DA:56,0
DA:57,0
DA:58,0
DA:59,0
DA:60,0
DA:62,0
DA:63,0
DA:66,0
DA:67,0
DA:71,0
LF:25
LH:0
end_of_record
SF:lib/src/utils/locator_utils.dart
DA:5,0
DA:6,0
DA:7,0
DA:8,0
DA:9,0
LF:5
LH:0
end_of_record
SF:lib/src/utils/type_utils.dart
DA:5,0
LF:1
LH:0
end_of_record
SF:lib/src/utils/widget_test_harness.dart
DA:18,1
DA:20,1
DA:23,0
DA:28,0
DA:29,0
DA:30,0
DA:32,0
DA:34,1
DA:35,2
DA:36,0
DA:39,2
LF:11
LH:5
end_of_record
SF:lib/src/test-doubles/auth/data/user_example.dart
DA:7,0
DA:8,0
DA:10,0
DA:11,0
DA:12,0
DA:13,0
DA:14,0
DA:15,0
DA:16,0
DA:17,0
DA:18,0
DA:19,0
LF:12
LH:0
end_of_record
