SF:lib/src/database/services/database_service.dart
DA:10,2
DA:11,0
DA:16,0
DA:32,0
DA:33,0
DA:35,0
DA:36,0
DA:37,0
DA:51,0
DA:52,0
DA:58,1
DA:60,4
DA:61,1
DA:71,0
DA:73,0
DA:81,0
DA:82,0
DA:86,0
DA:87,0
DA:92,0
DA:93,0
DA:99,0
DA:114,0
DA:115,0
DA:116,0
DA:117,0
DA:118,0
DA:132,0
DA:133,0
DA:134,0
LF:30
LH:4
end_of_record
SF:lib/src/platform/plugins/wrappers/apple_signin_wrapper.dart
DA:4,0
DA:6,0
DA:8,0
LF:3
LH:0
end_of_record
SF:lib/src/platform/plugins/wrappers/platform_wrapper.dart
DA:4,0
DA:5,0
DA:6,0
DA:7,0
DA:8,0
DA:9,0
DA:11,26
LF:7
LH:1
end_of_record
SF:lib/src/platform/plugins/wrappers/url_launcher_wrapper.dart
DA:6,0
DA:17,0
DA:29,0
LF:3
LH:0
end_of_record
SF:lib/src/auth/actions/set_auth_user_data_action.dart
DA:12,4
DA:13,0
DA:16,0
DA:17,0
DA:19,0
LF:5
LH:1
end_of_record
SF:lib/src/types/redux_action.dart
DA:12,0
DA:15,0
DA:17,0
DA:19,0
DA:21,0
DA:23,0
DA:26,0
DA:28,0
DA:29,0
DA:30,0
LF:10
LH:0
end_of_record
SF:lib/src/auth/actions/set_auth_user_data_action.g.dart
DA:9,0
DA:11,0
DA:12,0
DA:14,0
DA:17,0
DA:19,0
DA:20,0
LF:7
LH:0
end_of_record
SF:lib/src/auth/models/apple_id_credential.dart
DA:22,0
DA:70,0
DA:71,0
LF:3
LH:0
end_of_record
SF:lib/src/auth/models/apple_id_credential.g.dart
DA:9,0
DA:10,0
DA:11,0
DA:12,0
DA:13,0
DA:14,0
DA:15,0
DA:16,0
DA:17,0
DA:20,0
DA:22,0
DA:23,0
DA:24,0
DA:25,0
DA:26,0
DA:27,0
DA:28,0
DA:29,0
LF:18
LH:0
end_of_record
SF:lib/src/auth/models/google_sign_in_credential.dart
DA:13,0
DA:24,0
DA:25,0
LF:3
LH:0
end_of_record
SF:lib/src/auth/models/google_sign_in_credential.g.dart
DA:9,0
DA:11,0
DA:12,0
DA:13,0
DA:14,0
DA:17,0
DA:19,0
DA:20,0
DA:21,0
DA:22,0
LF:10
LH:0
end_of_record
SF:lib/src/auth/services/auth_service.dart
DA:11,4
DA:24,0
DA:25,0
DA:31,2
DA:32,2
DA:33,2
DA:34,4
DA:37,0
DA:38,0
DA:39,0
DA:41,0
DA:44,0
DA:45,0
DA:48,0
DA:49,0
DA:51,0
DA:52,0
DA:55,0
DA:57,0
DA:60,0
DA:62,0
DA:66,0
DA:67,0
DA:69,0
DA:71,0
DA:74,0
DA:76,0
DA:77,0
DA:78,0
DA:82,0
DA:84,0
DA:85,0
DA:88,0
DA:90,0
DA:91,0
DA:92,0
DA:95,0
DA:96,0
DA:97,0
DA:99,0
DA:102,0
DA:103,0
DA:104,0
DA:106,0
DA:107,0
DA:110,0
DA:112,0
DA:114,0
DA:117,0
DA:120,0
DA:121,0
DA:122,0
DA:127,0
DA:128,0
DA:130,0
DA:133,0
DA:135,0
DA:138,0
DA:144,0
DA:145,0
DA:146,0
DA:147,0
DA:149,0
DA:152,0
DA:153,0
DA:154,0
DA:155,0
DA:156,0
DA:158,0
DA:163,0
DA:164,0
DA:165,0
DA:167,0
LF:73
LH:5
end_of_record
SF:lib/src/networking/services/http_service.dart
DA:6,0
DA:8,0
DA:9,0
DA:10,0
DA:12,0
DA:13,0
DA:14,0
LF:7
LH:0
end_of_record
SF:lib/src/platform/services/platform_service.dart
DA:9,1
DA:13,0
DA:18,1
DA:22,2
DA:25,0
DA:28,0
DA:31,0
DA:34,0
DA:37,0
DA:43,0
DA:46,0
DA:48,0
DA:52,0
DA:55,0
DA:56,0
DA:58,0
DA:62,0
DA:63,0
DA:64,0
DA:66,0
LF:20
LH:3
end_of_record
SF:lib/src/settings/enums/platform_enum.dart
DA:3,26
LF:1
LH:1
end_of_record
SF:lib/src/auth/models/auth_user_data.dart
DA:13,6
DA:14,0
DA:28,2
DA:29,4
DA:30,1
DA:32,0
LF:6
LH:4
end_of_record
SF:lib/src/auth/models/auth_user_data.g.dart
DA:9,0
DA:10,0
DA:11,0
DA:12,0
DA:13,0
DA:14,0
DA:15,0
DA:16,0
DA:17,0
DA:19,0
DA:20,0
DA:22,0
DA:23,0
DA:24,0
DA:25,0
DA:26,0
DA:29,0
DA:30,0
DA:31,0
DA:32,0
DA:33,0
DA:34,0
DA:35,0
DA:36,0
DA:37,0
DA:38,0
DA:39,0
DA:40,0
DA:41,0
DA:42,0
LF:30
LH:0
end_of_record
SF:lib/src/platform/plugins/wrappers/firebase_wrapper.dart
DA:6,0
DA:7,0
LF:2
LH:0
end_of_record
SF:lib/src/auth/actions/observe_auth_state_action.dart
DA:11,55
DA:12,0
DA:14,0
DA:15,0
DA:17,0
LF:5
LH:1
end_of_record
SF:lib/src/auth/actions/observe_auth_state_action.g.dart
DA:9,0
DA:11,0
DA:13,2
DA:15,2
LF:4
LH:2
end_of_record
SF:lib/src/auth/actions/set_auth_step_action.dart
DA:12,131
DA:13,0
DA:15,2
DA:17,0
DA:19,0
DA:21,0
DA:24,0
DA:25,0
DA:27,0
LF:9
LH:2
end_of_record
SF:lib/src/auth/actions/set_auth_step_action.g.dart
DA:9,0
DA:10,0
DA:11,0
DA:14,0
DA:16,0
DA:17,0
LF:6
LH:0
end_of_record
SF:lib/src/auth/actions/sign_in_with_apple_action.dart
DA:11,53
DA:12,0
DA:14,0
DA:15,0
DA:17,0
LF:5
LH:1
end_of_record
SF:lib/src/auth/actions/sign_in_with_apple_action.g.dart
DA:9,0
DA:11,0
DA:13,0
DA:15,0
LF:4
LH:0
end_of_record
SF:lib/src/auth/actions/sign_in_with_google_action.dart
DA:11,53
DA:12,0
DA:14,0
DA:15,0
DA:17,0
LF:5
LH:1
end_of_record
SF:lib/src/auth/actions/sign_in_with_google_action.g.dart
DA:9,0
DA:11,0
DA:13,0
DA:15,0
LF:4
LH:0
end_of_record
SF:lib/src/auth/actions/sign_out_action.dart
DA:10,53
DA:11,0
DA:13,0
DA:15,0
LF:4
LH:1
end_of_record
SF:lib/src/auth/actions/sign_out_action.g.dart
DA:9,0
DA:10,0
DA:12,0
DA:13,0
LF:4
LH:0
end_of_record
SF:lib/src/navigation/actions/push_page_action.dart
DA:12,78
DA:13,0
DA:16,0
DA:17,0
DA:19,0
LF:5
LH:1
end_of_record
SF:lib/src/navigation/actions/push_page_action.g.dart
DA:9,0
DA:10,0
DA:11,0
DA:14,0
DA:15,0
DA:16,0
LF:6
LH:0
end_of_record
SF:lib/src/navigation/actions/remove_current_page_action.dart
DA:11,52
DA:12,0
DA:14,0
DA:15,0
DA:17,0
LF:5
LH:1
end_of_record
SF:lib/src/navigation/actions/remove_current_page_action.g.dart
DA:9,0
DA:11,0
DA:13,0
DA:15,0
LF:4
LH:0
end_of_record
SF:lib/src/platform/actions/detect_platform_action.dart
DA:11,53
DA:12,0
DA:14,0
DA:15,0
DA:17,0
LF:5
LH:1
end_of_record
SF:lib/src/platform/actions/detect_platform_action.g.dart
DA:9,0
DA:11,0
DA:13,1
DA:15,1
LF:4
LH:2
end_of_record
SF:lib/src/platform/actions/launch_url_action.dart
DA:10,1
DA:11,0
DA:13,0
DA:14,0
DA:16,0
LF:5
LH:1
end_of_record
SF:lib/src/platform/actions/launch_url_action.g.dart
DA:9,0
DA:10,0
DA:11,0
DA:14,0
DA:15,0
DA:16,0
LF:6
LH:0
end_of_record
SF:lib/src/problems/actions/add_problem_action.dart
DA:12,10
DA:13,0
DA:15,0
DA:16,0
DA:18,0
LF:5
LH:1
end_of_record
SF:lib/src/problems/actions/add_problem_action.g.dart
DA:9,0
DA:10,0
DA:11,0
DA:14,1
DA:15,1
DA:16,1
LF:6
LH:3
end_of_record
SF:lib/src/problems/actions/remove_problem_action.dart
DA:12,1
DA:13,0
DA:15,0
DA:16,0
DA:18,0
LF:5
LH:1
end_of_record
SF:lib/src/problems/actions/remove_problem_action.g.dart
DA:9,0
DA:11,0
DA:12,0
DA:15,0
DA:17,0
DA:18,0
LF:6
LH:0
end_of_record
SF:lib/src/profile/actions/tap_profile_action.dart
DA:11,0
DA:12,0
DA:15,0
DA:16,0
DA:18,0
LF:5
LH:0
end_of_record
SF:lib/src/profile/actions/tap_profile_action.g.dart
DA:9,0
DA:10,0
DA:11,0
DA:14,0
DA:15,0
DA:16,0
LF:6
LH:0
end_of_record
SF:lib/src/settings/actions/set_theme_mode_action.dart
DA:11,0
DA:12,0
DA:14,0
DA:15,0
DA:17,0
LF:5
LH:0
end_of_record
SF:lib/src/settings/actions/set_theme_mode_action.g.dart
DA:9,0
DA:11,0
DA:12,0
DA:15,0
DA:17,0
DA:18,0
LF:6
LH:0
end_of_record
SF:lib/src/settings/actions/update_settings_action.dart
DA:12,0
DA:13,0
DA:16,0
DA:17,0
DA:19,0
LF:5
LH:0
end_of_record
SF:lib/src/settings/actions/update_settings_action.g.dart
DA:9,0
DA:11,0
DA:12,0
DA:15,0
DA:17,0
DA:18,0
LF:6
LH:0
end_of_record
SF:lib/src/redux/extensions/build_context_extensions.dart
DA:9,1
DA:10,2
DA:13,0
DA:14,0
DA:17,0
DA:18,0
LF:6
LH:2
end_of_record
SF:lib/src/redux/extensions/reducers_list_extension.dart
DA:8,4
DA:9,6
LF:2
LH:2
end_of_record
SF:lib/src/redux/extensions/store_extensions.dart
DA:7,16
DA:8,32
LF:2
LH:2
end_of_record
SF:lib/src/app-init/redux/redfire_initial_actions.dart
DA:4,9
LF:1
LH:1
end_of_record
SF:lib/src/app-init/redux/redfire_middlewares.dart
DA:22,2
DA:24,1
DA:25,1
DA:26,1
DA:27,1
DA:28,1
DA:29,1
DA:30,1
DA:31,1
DA:32,1
DA:35,1
DA:38,1
DA:39,1
LF:13
LH:13
end_of_record
SF:lib/src/app-init/redux/redfire_reducers.dart
DA:22,2
DA:24,1
DA:25,1
DA:26,1
DA:27,1
DA:28,1
DA:29,1
DA:30,1
DA:33,1
DA:34,1
DA:35,1
DA:38,1
DA:39,1
DA:45,1
LF:14
LH:14
end_of_record
SF:lib/src/utils/red_fire_locator.dart
DA:20,0
DA:23,7
DA:26,0
DA:27,0
DA:28,0
DA:29,0
DA:30,0
DA:33,0
DA:34,0
DA:35,0
DA:36,3
DA:37,0
DA:38,0
DA:39,4
DA:42,10
DA:53,0
DA:64,3
DA:66,0
DA:80,4
DA:85,1
LF:20
LH:7
end_of_record
SF:lib/src/auth/middleware/get_id_token_middleware.dart
DA:12,1
DA:13,1
DA:14,0
DA:17,0
DA:18,0
DA:19,0
DA:21,0
LF:7
LH:2
end_of_record
SF:lib/src/auth/middleware/get_providers_for_email_middleware.dart
DA:17,2
DA:18,3
DA:19,1
DA:22,1
DA:24,3
DA:26,2
DA:28,0
DA:30,1
DA:31,2
DA:32,1
DA:33,1
DA:35,1
LF:12
LH:11
end_of_record
SF:lib/src/auth/middleware/observe_auth_state_middleware.dart
DA:12,3
DA:13,6
DA:14,3
DA:17,3
DA:21,7
DA:23,2
DA:28,2
DA:29,2
DA:30,2
DA:31,6
DA:34,1
DA:36,2
DA:38,2
LF:13
LH:13
end_of_record
SF:lib/src/auth/middleware/sign_in_with_apple_middleware.dart
DA:11,2
DA:12,3
DA:13,1
DA:16,1
DA:18,2
DA:20,1
DA:22,0
DA:27,0
DA:30,0
DA:31,0
DA:33,1
LF:11
LH:7
end_of_record
SF:lib/src/auth/middleware/sign_in_with_email_middleware.dart
DA:12,1
DA:13,1
DA:14,0
DA:17,0
DA:19,0
DA:21,0
DA:24,0
DA:26,0
DA:28,0
LF:9
LH:2
end_of_record
SF:lib/src/auth/middleware/sign_in_with_git_hub.dart
DA:11,1
DA:12,1
DA:13,0
DA:16,0
DA:17,0
DA:18,0
DA:21,0
LF:7
LH:2
end_of_record
SF:lib/src/auth/middleware/sign_in_with_google_middleware.dart
DA:10,2
DA:11,3
DA:12,1
DA:14,1
DA:17,1
DA:20,1
DA:24,0
DA:29,0
DA:36,0
DA:38,0
DA:39,0
DA:42,1
LF:12
LH:7
end_of_record
SF:lib/src/auth/middleware/sign_out_middleware.dart
DA:11,2
DA:12,3
DA:13,1
DA:16,1
DA:19,1
DA:20,0
DA:21,4
DA:22,0
DA:25,1
LF:9
LH:7
end_of_record
SF:lib/src/auth/middleware/sign_up_with_email_middleware.dart
DA:11,1
DA:12,1
DA:13,0
DA:16,0
DA:18,0
DA:20,0
DA:23,0
DA:25,0
DA:28,0
LF:9
LH:2
end_of_record
SF:lib/src/platform/middleware/detect_platform_middleware.dart
DA:10,2
DA:11,4
DA:12,2
DA:15,2
DA:17,2
DA:18,0
DA:20,2
LF:7
LH:6
end_of_record
SF:lib/src/platform/middleware/launch_url_middleware.dart
DA:10,2
DA:11,3
DA:12,1
DA:15,1
DA:17,2
DA:19,1
LF:6
LH:6
end_of_record
SF:lib/src/utils/dev_tools_middleware.dart
DA:10,2
DA:11,4
DA:12,2
DA:14,4
DA:15,4
DA:16,2
DA:17,6
DA:18,2
DA:24,4
LF:9
LH:9
end_of_record
SF:lib/src/auth/reducers/pop_all_pages_reducer.dart
DA:9,1
DA:10,1
DA:12,0
DA:15,0
DA:16,0
DA:17,0
DA:19,0
LF:7
LH:2
end_of_record
SF:lib/src/auth/reducers/reset_auth_page_reducer.dart
DA:8,2
DA:9,3
DA:10,2
DA:12,2
DA:13,2
LF:5
LH:5
end_of_record
SF:lib/src/auth/reducers/set_auth_step_reducer.dart
DA:8,2
DA:9,2
DA:10,1
DA:11,3
LF:4
LH:4
end_of_record
SF:lib/src/auth/reducers/set_auth_user_data_reducer.dart
DA:13,3
DA:14,5
DA:15,2
DA:16,4
DA:19,8
DA:20,0
DA:21,0
DA:25,2
DA:26,4
DA:27,0
DA:31,4
DA:32,2
DA:33,4
LF:13
LH:10
end_of_record
SF:lib/src/auth/reducers/set_email_reducer.dart
DA:8,2
DA:9,2
DA:10,1
DA:11,4
LF:4
LH:4
end_of_record
SF:lib/src/auth/reducers/set_id_token_result_reducer.dart
DA:8,1
DA:9,1
DA:10,0
DA:11,0
DA:12,0
LF:5
LH:2
end_of_record
SF:lib/src/auth/reducers/set_providers_for_email_reducer.dart
DA:8,2
DA:9,3
DA:11,1
DA:12,1
DA:13,2
LF:5
LH:5
end_of_record
SF:lib/src/auth/reducers/sign_out_reducer.dart
DA:8,1
DA:9,1
DA:10,0
LF:3
LH:2
end_of_record
SF:lib/src/navigation/reducers/push_page_reducer.dart
DA:8,1
DA:9,1
DA:10,0
LF:3
LH:2
end_of_record
SF:lib/src/navigation/reducers/remove_current_page_reducer.dart
DA:9,1
DA:10,1
DA:11,0
LF:3
LH:2
end_of_record
SF:lib/src/problems/reducers/add_problem_reducer.dart
DA:8,3
DA:9,3
DA:10,6
DA:11,9
DA:12,12
LF:5
LH:5
end_of_record
SF:lib/src/problems/reducers/remove_problem_reducer.dart
DA:9,2
DA:10,4
DA:11,3
DA:12,4
LF:4
LH:4
end_of_record
SF:lib/src/settings/reducers/update_settings_reducer.dart
DA:8,1
DA:9,1
DA:10,0
DA:11,0
LF:4
LH:2
end_of_record
SF:lib/src/app-init/widgets/app_widget.dart
DA:34,3
DA:43,0
DA:46,3
DA:47,3
DA:48,3
DA:51,0
DA:63,0
DA:66,0
DA:67,0
DA:68,0
DA:70,0
DA:72,0
DA:74,0
DA:77,3
DA:78,3
DA:85,3
DA:87,3
DA:89,9
DA:90,9
DA:92,0
DA:96,3
DA:98,12
DA:101,3
DA:102,6
DA:103,3
DA:104,3
DA:105,9
DA:108,9
DA:111,3
DA:113,3
DA:114,0
DA:118,3
DA:119,6
DA:122,3
DA:123,6
DA:124,3
DA:126,9
DA:127,3
DA:128,3
DA:129,6
DA:130,6
DA:131,6
DA:132,6
DA:133,3
DA:135,9
DA:136,6
DA:137,3
DA:138,0
DA:139,0
DA:143,0
DA:144,0
LF:51
LH:36
end_of_record
SF:lib/src/navigation/extensions/page_data_list_extension.dart
DA:13,3
DA:14,3
DA:15,18
LF:3
LH:3
end_of_record
SF:lib/src/navigation/models/page_data.dart
DA:24,188
DA:30,12
DA:31,12
DA:38,4
DA:42,4
DA:43,0
DA:44,0
DA:48,11
DA:49,3
DA:51,6
DA:52,8
DA:53,0
DA:54,0
DA:55,8
DA:56,6
DA:57,8
DA:58,0
DA:60,0
DA:63,8
DA:64,2
DA:65,8
DA:66,2
DA:67,8
DA:68,2
DA:69,8
DA:70,0
DA:74,0
DA:84,153
DA:86,1
DA:88,3
DA:90,0
DA:92,1
DA:95,3
DA:97,3
DA:98,6
LF:35
LH:26
end_of_record
SF:lib/src/settings/extensions/brightness_mode_enum_extensions.dart
DA:6,6
DA:8,0
LF:2
LH:1
end_of_record
SF:lib/src/settings/extensions/theme_set_extensions.dart
DA:7,3
DA:8,6
DA:9,3
DA:10,3
DA:11,9
DA:12,9
DA:13,9
DA:17,3
DA:18,3
DA:19,9
DA:20,9
DA:21,9
LF:12
LH:12
end_of_record
SF:lib/src/settings/models/settings.dart
DA:15,0
DA:22,44
DA:23,22
DA:24,22
DA:25,22
DA:26,22
DA:30,2
LF:7
LH:6
end_of_record
SF:lib/src/settings/models/settings.g.dart
DA:9,2
DA:10,2
DA:11,2
DA:13,2
DA:14,2
DA:17,3
DA:18,3
DA:19,3
DA:20,3
DA:21,6
DA:22,6
LF:11
LH:11
end_of_record
SF:lib/src/utils/red_fire_config.dart
DA:6,26
DA:15,0
DA:16,0
LF:3
LH:1
end_of_record
SF:lib/src/app-init/widgets/initializing_error_page.dart
DA:11,0
DA:14,0
DA:15,0
DA:17,0
DA:18,0
DA:19,0
DA:20,0
DA:25,0
DA:27,0
LF:9
LH:0
end_of_record
SF:lib/src/app-init/widgets/initializing_indicator.dart
DA:10,6
DA:12,3
DA:15,3
DA:18,3
DA:19,3
DA:21,3
DA:24,3
LF:7
LH:7
end_of_record
SF:lib/src/app-init/widgets/initial_page.dart
DA:10,3
DA:11,3
DA:14,3
DA:16,3
DA:18,12
DA:19,3
DA:21,3
DA:23,3
DA:25,3
DA:27,3
DA:29,3
DA:30,3
DA:32,12
DA:33,3
DA:34,4
DA:35,0
LF:16
LH:15
end_of_record
SF:lib/src/auth/enums/auth_step_enum.dart
DA:3,26
LF:1
LH:1
end_of_record
SF:lib/src/shared/widgets/waiting_indicator.dart
DA:5,26
DA:7,0
DA:9,0
DA:10,0
DA:12,0
DA:15,0
LF:6
LH:1
end_of_record
SF:lib/src/auth/actions/email/get_providers_for_email_action.dart
DA:11,3
DA:12,0
DA:15,0
DA:16,0
DA:18,0
LF:5
LH:1
end_of_record
SF:lib/src/auth/actions/email/get_providers_for_email_action.g.dart
DA:9,0
DA:11,0
DA:12,0
DA:15,0
DA:17,0
DA:18,0
LF:6
LH:0
end_of_record
SF:lib/src/auth/actions/email/set_email_action.dart
DA:10,29
DA:11,0
DA:13,0
DA:14,0
DA:16,0
LF:5
LH:1
end_of_record
SF:lib/src/auth/actions/email/set_email_action.g.dart
DA:9,0
DA:10,0
DA:11,0
DA:14,0
DA:15,0
DA:16,0
LF:6
LH:0
end_of_record
SF:lib/src/auth/actions/email/set_providers_for_email_action.dart
DA:12,1
DA:13,0
DA:16,0
DA:17,0
DA:19,0
LF:5
LH:1
end_of_record
SF:lib/src/auth/actions/email/set_providers_for_email_action.g.dart
DA:9,0
DA:11,0
DA:12,0
DA:13,0
DA:16,0
DA:18,0
DA:19,0
DA:20,0
LF:8
LH:0
end_of_record
SF:lib/src/auth/actions/email/sign_in_with_email_action.dart
DA:10,0
DA:11,0
DA:13,0
DA:14,0
DA:16,0
LF:5
LH:0
end_of_record
SF:lib/src/auth/actions/email/sign_in_with_email_action.g.dart
DA:9,0
DA:11,0
DA:12,0
DA:15,0
DA:17,0
DA:18,0
LF:6
LH:0
end_of_record
SF:lib/src/auth/actions/email/sign_up_with_email_action.dart
DA:10,0
DA:11,0
DA:13,0
DA:14,0
DA:16,0
LF:5
LH:0
end_of_record
SF:lib/src/auth/actions/email/sign_up_with_email_action.g.dart
DA:9,0
DA:11,0
DA:12,0
DA:15,0
DA:17,0
DA:18,0
LF:6
LH:0
end_of_record
SF:lib/src/auth/actions/get_id_token_action.dart
DA:10,52
DA:11,0
DA:13,0
DA:14,0
DA:16,0
LF:5
LH:1
end_of_record
SF:lib/src/auth/actions/get_id_token_action.g.dart
DA:9,0
DA:10,0
DA:12,0
DA:13,0
LF:4
LH:0
end_of_record
SF:lib/src/auth/actions/reset_auth_page_action.dart
DA:10,53
DA:11,0
DA:13,0
DA:14,0
DA:16,0
LF:5
LH:1
end_of_record
SF:lib/src/auth/actions/reset_auth_page_action.g.dart
DA:9,0
DA:11,0
DA:13,0
DA:15,0
LF:4
LH:0
end_of_record
SF:lib/src/auth/actions/set_id_token_result_action.dart
DA:11,0
DA:12,0
DA:15,0
DA:16,0
DA:18,0
LF:5
LH:0
end_of_record
SF:lib/src/auth/actions/set_id_token_result_action.g.dart
DA:9,0
DA:11,0
DA:12,0
DA:15,0
DA:17,0
DA:18,0
LF:6
LH:0
end_of_record
SF:lib/src/auth/models/id_token_result.dart
DA:14,0
DA:15,0
DA:38,0
DA:40,0
LF:4
LH:0
end_of_record
SF:lib/src/auth/models/id_token_result.g.dart
DA:9,0
DA:10,0
DA:11,0
DA:13,0
DA:14,0
DA:15,0
DA:17,0
DA:18,0
DA:20,0
DA:22,0
DA:23,0
DA:26,0
DA:27,0
DA:28,0
DA:29,0
DA:30,0
DA:31,0
DA:32,0
DA:33,0
LF:19
LH:0
end_of_record
SF:lib/src/auth/actions/sign_in_with_git_hub_action.dart
DA:10,52
DA:11,0
DA:13,0
DA:14,0
DA:16,0
LF:5
LH:1
end_of_record
SF:lib/src/auth/actions/sign_in_with_git_hub_action.g.dart
DA:9,0
DA:11,0
DA:13,0
DA:15,0
LF:4
LH:0
end_of_record
SF:lib/src/shared/icons/red_fire_icons_icons.dart
DA:32,0
LF:1
LH:0
end_of_record
SF:lib/src/auth/enums/providers_enum.dart
DA:3,26
LF:1
LH:1
end_of_record
SF:lib/src/auth/enums/authorization_enum.dart
DA:3,26
LF:1
LH:1
end_of_record
SF:lib/src/auth/extensions/auth_extensions.dart
DA:12,2
DA:13,1
DA:14,1
DA:15,1
DA:16,1
DA:17,1
DA:18,1
DA:19,3
DA:20,3
DA:21,1
DA:22,1
DA:23,1
DA:24,1
DA:25,1
DA:29,0
DA:30,0
DA:31,0
DA:32,0
DA:33,0
DA:34,0
DA:35,0
DA:40,0
DA:41,0
DA:42,0
DA:43,0
DA:44,0
DA:45,0
DA:46,0
DA:47,0
DA:51,0
DA:52,0
DA:53,0
DA:54,0
LF:33
LH:14
end_of_record
SF:lib/src/auth/models/auth_provider_data.dart
DA:10,0
DA:30,0
DA:31,0
LF:3
LH:0
end_of_record
SF:lib/src/auth/models/auth_provider_data.g.dart
DA:9,0
DA:10,0
DA:11,0
DA:12,0
DA:13,0
DA:14,0
DA:15,0
DA:16,0
DA:19,0
DA:20,0
DA:21,0
DA:22,0
DA:23,0
DA:24,0
DA:25,0
DA:26,0
LF:16
LH:0
end_of_record
SF:lib/src/auth/extensions/id_token_result_extension.dart
DA:7,0
DA:8,0
DA:9,0
DA:10,0
DA:11,0
DA:12,0
DA:13,0
LF:7
LH:0
end_of_record
SF:lib/src/auth/link-providers/actions/link_account_action.dart
DA:10,0
DA:11,0
DA:13,0
DA:14,0
DA:16,0
LF:5
LH:0
end_of_record
SF:lib/src/auth/link-providers/actions/link_account_action.g.dart
DA:9,0
DA:10,0
DA:11,0
DA:14,0
DA:16,0
DA:17,0
LF:6
LH:0
end_of_record
SF:lib/src/auth/link-providers/enums/linking_account_enum.dart
DA:1,26
LF:1
LH:1
end_of_record
SF:lib/src/auth/link-providers/models/link_accounts_view_model.dart
DA:14,22
DA:15,0
DA:18,1
DA:19,1
DA:21,22
DA:22,44
DA:24,0
LF:7
LH:5
end_of_record
SF:lib/src/auth/link-providers/models/link_accounts_view_model.g.dart
DA:9,1
DA:11,1
DA:12,1
DA:13,1
DA:14,0
DA:15,0
DA:18,3
DA:20,3
DA:21,6
DA:22,0
DA:23,0
LF:11
LH:7
end_of_record
SF:lib/src/auth/link-providers/widgets/link_provider_button.dart
DA:10,0
DA:15,0
DA:20,0
DA:22,0
DA:24,0
DA:25,0
DA:27,0
DA:28,0
LF:8
LH:0
end_of_record
SF:lib/src/auth/link-providers/widgets/link_providers_view.dart
DA:11,0
DA:13,0
DA:15,0
DA:17,0
DA:18,0
DA:20,0
DA:22,0
DA:23,0
DA:24,0
LF:9
LH:0
end_of_record
SF:lib/src/navigation/actions/pop_all_pages_action.dart
DA:10,52
DA:11,0
DA:13,0
DA:14,0
DA:16,0
LF:5
LH:1
end_of_record
SF:lib/src/navigation/actions/pop_all_pages_action.g.dart
DA:9,0
DA:10,0
DA:12,0
DA:14,0
LF:4
LH:0
end_of_record
SF:lib/src/auth/models/auth_page_model.dart
DA:13,4
DA:14,0
DA:16,0
DA:18,0
LF:4
LH:1
end_of_record
SF:lib/src/auth/models/auth_page_model.g.dart
DA:9,0
DA:10,0
DA:11,0
DA:12,0
DA:15,0
DA:16,0
DA:17,0
DA:18,0
LF:8
LH:0
end_of_record
SF:lib/src/auth/models/auth_state.dart
DA:11,0
DA:19,0
DA:20,0
DA:22,0
DA:24,2
LF:5
LH:1
end_of_record
SF:lib/src/auth/models/auth_state.g.dart
DA:9,2
DA:10,2
DA:11,1
DA:13,0
DA:14,1
DA:16,0
DA:17,0
DA:18,1
DA:19,1
DA:20,2
DA:23,3
DA:24,3
DA:25,3
DA:26,3
DA:27,3
DA:28,3
DA:29,6
LF:17
LH:14
end_of_record
SF:lib/src/auth/models/email_auth_v_m.dart
DA:13,22
DA:14,0
DA:19,2
DA:21,0
LF:4
LH:2
end_of_record
SF:lib/src/auth/models/email_auth_v_m.g.dart
DA:9,1
DA:10,1
DA:11,1
DA:12,1
DA:14,0
DA:15,0
DA:18,3
DA:19,3
DA:20,3
DA:21,3
DA:22,0
LF:11
LH:8
end_of_record
SF:lib/src/auth/models/other_auth_options_page_model.dart
DA:12,0
DA:13,0
DA:16,0
DA:17,0
DA:19,0
LF:5
LH:0
end_of_record
SF:lib/src/auth/models/other_auth_options_page_model.g.dart
DA:9,0
DA:11,0
DA:12,0
DA:15,0
DA:17,0
DA:18,0
LF:6
LH:0
end_of_record
SF:lib/src/auth/pages/other_auth_options_page.dart
DA:13,26
DA:15,0
DA:17,0
DA:18,0
DA:19,0
DA:20,0
DA:22,0
DA:23,0
DA:24,0
DA:26,0
DA:27,0
DA:28,0
DA:29,0
LF:13
LH:1
end_of_record
SF:lib/src/shared/widgets/empty_app_bar.dart
DA:4,0
DA:5,0
LF:2
LH:0
end_of_record
SF:lib/src/auth/widgets/other_auth_options_page_buttons/git_hub_sign_in_button.dart
DA:7,26
DA:22,0
DA:31,0
DA:33,0
DA:35,0
DA:37,0
DA:38,0
DA:39,0
DA:41,0
DA:42,0
DA:44,0
DA:45,0
DA:46,0
DA:47,0
DA:48,0
DA:49,0
DA:51,0
DA:54,0
DA:55,0
DA:67,0
DA:69,0
DA:70,0
DA:71,0
DA:72,0
DA:76,0
LF:25
LH:1
end_of_record
SF:lib/src/auth/pages/other_auth_options_page_data.dart
DA:16,52
DA:17,0
DA:19,0
DA:20,0
DA:22,0
DA:27,0
DA:28,0
DA:30,0
DA:33,0
LF:9
LH:1
end_of_record
SF:lib/src/auth/pages/other_auth_options_page_data.g.dart
DA:9,0
DA:11,0
DA:13,0
DA:15,0
LF:4
LH:0
end_of_record
SF:lib/src/auth/widgets/auth_page.dart
DA:15,7
DA:17,4
DA:19,4
DA:20,4
DA:21,4
DA:22,4
DA:24,4
DA:25,24
DA:26,4
DA:27,4
DA:29,4
DA:30,12
DA:31,4
DA:32,0
DA:33,0
DA:35,0
DA:36,0
DA:37,4
DA:38,0
DA:42,8
LF:20
LH:15
end_of_record
SF:lib/src/auth/widgets/auth_page_buttons/platform_default_sign_in_button.dart
DA:13,4
DA:14,4
DA:18,4
DA:20,16
DA:21,0
DA:23,0
DA:24,4
DA:25,0
DA:26,0
LF:9
LH:5
end_of_record
SF:lib/src/auth/widgets/auth_page_text_fields/email_text_field.dart
DA:9,4
DA:11,4
DA:13,4
DA:14,4
DA:21,4
DA:23,4
DA:24,8
DA:27,4
DA:29,4
DA:30,4
DA:31,4
DA:34,4
DA:37,4
DA:39,1
DA:40,2
DA:45,4
DA:47,8
DA:48,4
DA:49,4
LF:19
LH:19
end_of_record
SF:lib/src/auth/widgets/auth_page_text_fields/password_text_field.dart
DA:9,0
DA:13,0
DA:17,0
DA:19,0
DA:22,0
DA:23,0
DA:28,0
DA:31,0
DA:33,0
DA:34,0
DA:35,0
LF:11
LH:0
end_of_record
SF:lib/src/auth/widgets/auth_page_buttons/apple_sign_in_button.dart
DA:7,26
DA:22,0
DA:33,0
DA:35,0
DA:37,0
DA:39,0
DA:40,0
DA:41,0
DA:43,0
DA:44,0
DA:46,0
DA:47,0
DA:48,0
DA:49,0
DA:50,0
DA:51,0
DA:53,0
DA:56,0
DA:57,0
DA:59,0
DA:60,0
DA:61,0
DA:62,0
DA:70,0
DA:72,0
DA:73,0
DA:74,0
DA:75,0
DA:79,0
LF:29
LH:1
end_of_record
SF:lib/src/shared/widgets/stretchable_button.dart
DA:15,4
DA:25,4
DA:27,4
DA:29,4
DA:30,3
DA:31,6
DA:33,6
DA:34,3
DA:36,0
DA:37,0
DA:39,0
DA:43,3
DA:44,0
DA:45,0
DA:51,3
DA:53,6
DA:54,3
DA:55,6
DA:58,3
DA:59,3
DA:60,3
DA:61,6
DA:63,3
LF:23
LH:18
end_of_record
SF:lib/src/auth/widgets/auth_page_buttons/google_sign_in_button.dart
DA:22,4
DA:32,4
DA:34,4
DA:36,4
DA:37,4
DA:38,4
DA:39,4
DA:40,4
DA:42,4
DA:43,4
DA:55,4
DA:57,4
DA:60,4
DA:61,4
DA:62,8
DA:75,4
DA:77,4
DA:78,4
DA:79,4
DA:80,4
DA:85,8
LF:21
LH:21
end_of_record
SF:lib/src/navigation/models/initial_page_data.dart
DA:13,53
DA:14,0
DA:16,1
DA:17,1
DA:19,5
LF:5
LH:4
end_of_record
SF:lib/src/navigation/models/initial_page_data.g.dart
DA:9,1
DA:10,1
DA:12,3
DA:13,3
LF:4
LH:4
end_of_record
SF:lib/src/problems/pages/problem_page.dart
DA:11,2
DA:13,4
DA:17,2
DA:19,2
DA:21,2
DA:22,2
DA:23,2
DA:24,2
DA:25,4
DA:26,2
DA:27,2
DA:28,4
LF:12
LH:12
end_of_record
SF:lib/src/profile/widgets/profile_page.dart
DA:8,0
DA:9,0
DA:11,0
DA:12,0
DA:13,0
LF:5
LH:0
end_of_record
SF:lib/src/navigation/models/problem_page_data.dart
DA:12,6
DA:13,0
DA:15,1
DA:16,1
DA:18,3
LF:5
LH:4
end_of_record
SF:lib/src/navigation/models/problem_page_data.g.dart
DA:9,1
DA:10,1
DA:11,2
DA:14,2
DA:15,2
DA:16,2
LF:6
LH:6
end_of_record
SF:lib/src/navigation/models/profile_page_data.dart
DA:12,80
DA:13,0
DA:15,1
DA:16,1
DA:18,1
LF:5
LH:4
end_of_record
SF:lib/src/navigation/models/profile_page_data.g.dart
DA:9,1
DA:10,1
DA:12,1
DA:13,1
LF:4
LH:4
end_of_record
SF:lib/src/problems/models/problem_info.dart
DA:10,0
DA:12,2
LF:2
LH:1
end_of_record
SF:lib/src/problems/models/problem_info.g.dart
DA:9,1
DA:10,1
DA:11,1
DA:12,1
DA:15,2
DA:16,2
DA:17,2
DA:18,2
LF:8
LH:8
end_of_record
SF:lib/src/problems/widgets/problem_page_view.dart
DA:8,6
DA:12,3
DA:14,3
DA:16,12
DA:17,3
DA:18,3
DA:19,0
LF:7
LH:6
end_of_record
SF:lib/src/profile/models/profile_data.dart
DA:10,0
DA:19,0
LF:2
LH:0
end_of_record
SF:lib/src/profile/models/profile_data.g.dart
DA:9,0
DA:10,0
DA:11,0
DA:12,0
DA:13,0
DA:14,0
DA:15,0
DA:17,0
DA:18,0
DA:19,0
DA:23,0
DA:24,0
DA:25,0
DA:26,0
DA:27,0
DA:28,0
DA:29,0
DA:30,0
DA:31,0
LF:19
LH:0
end_of_record
SF:lib/src/profile/widgets/buttons/account_button.dart
DA:24,0
DA:26,0
DA:30,0
DA:31,0
DA:37,0
DA:39,0
DA:41,0
DA:42,0
DA:43,0
DA:44,0
DA:45,0
DA:46,0
DA:48,0
DA:49,0
DA:50,0
DA:61,0
DA:67,0
DA:69,0
DA:70,0
DA:71,0
DA:73,0
DA:74,0
DA:75,0
DA:76,0
DA:83,0
DA:85,0
DA:86,0
DA:87,0
DA:89,0
DA:90,0
DA:91,0
DA:92,0
DA:94,0
DA:96,0
LF:34
LH:0
end_of_record
SF:lib/src/profile/widgets/profile_avatar.dart
DA:11,0
DA:12,0
DA:14,0
DA:16,0
DA:17,0
DA:18,0
DA:19,0
DA:24,0
DA:29,0
LF:9
LH:0
end_of_record
SF:lib/src/profile/widgets/checked_circle_avatar.dart
DA:11,0
DA:15,0
DA:16,0
DA:18,0
DA:19,0
DA:20,0
DA:22,0
DA:24,0
DA:25,0
DA:28,0
DA:30,0
DA:31,0
DA:32,0
DA:33,0
DA:34,0
DA:37,0
DA:38,0
DA:45,0
DA:48,0
DA:49,0
DA:56,26
DA:58,0
DA:60,0
LF:23
LH:1
end_of_record
SF:lib/src/settings/enums/brightness_mode_enum.dart
DA:3,26
LF:1
LH:1
end_of_record
SF:lib/src/settings/enums/theme_brightness_enum.dart
DA:3,26
LF:1
LH:1
end_of_record
SF:lib/src/settings/models/theme_set.dart
DA:12,0
DA:17,2
LF:2
LH:1
end_of_record
SF:lib/src/settings/models/theme_set.g.dart
DA:9,2
DA:10,2
DA:11,2
DA:14,3
DA:15,3
DA:16,3
DA:17,6
LF:7
LH:7
end_of_record
SF:lib/src/settings/models/theme_colors.dart
DA:10,0
DA:16,2
DA:33,66
DA:36,0
LF:4
LH:2
end_of_record
SF:lib/src/settings/models/theme_colors.g.dart
DA:9,1
DA:10,1
DA:11,1
DA:12,1
DA:13,1
DA:16,3
DA:17,3
DA:18,3
DA:19,3
DA:20,3
LF:10
LH:10
end_of_record
SF:lib/src/utils/auth_options.dart
DA:2,0
LF:1
LH:0
end_of_record
SF:lib/src/utils/redux_utils.dart
DA:7,0
DA:9,0
LF:2
LH:0
end_of_record
