SF:lib/redux/actions/set_other_player_ids_action.dart
DA:10,0
DA:12,0
DA:13,0
LF:3
LH:0
end_of_record
SF:lib/redux/actions/set_other_player_ids_action.g.dart
DA:9,0
DA:11,0
DA:12,0
DA:15,0
DA:17,0
DA:18,0
DA:19,0
LF:7
LH:0
end_of_record
SF:lib/redux/app_state.dart
DA:11,0
DA:23,2
DA:26,1
DA:27,3
DA:28,1
DA:29,1
DA:32,1
DA:34,0
DA:35,0
LF:9
LH:6
end_of_record
SF:lib/redux/app_state.g.dart
DA:9,0
DA:10,0
DA:11,0
DA:12,0
DA:13,0
DA:14,0
DA:15,0
DA:16,0
DA:17,0
DA:18,0
DA:20,0
DA:21,0
DA:24,0
DA:25,0
DA:26,0
DA:27,0
DA:28,0
DA:30,0
DA:31,0
DA:33,0
DA:34,0
DA:35,0
LF:22
LH:0
end_of_record
SF:lib/redux/reducers/set_other_player_ids_reducer.dart
DA:7,1
DA:8,1
DA:9,4
DA:10,4
LF:4
LH:4
end_of_record
SF:lib/game/background/barriers.dart
DA:11,2
DA:12,0
DA:37,1
DA:38,1
LF:4
LH:3
end_of_record
SF:lib/game/background/barriers.g.dart
DA:9,2
DA:11,1
DA:12,1
LF:3
LH:3
end_of_record
SF:lib/game/game_state.g.dart
DA:9,0
DA:10,0
DA:11,0
DA:12,0
DA:13,0
DA:14,0
DA:15,0
DA:16,0
DA:17,0
DA:20,0
DA:21,0
DA:22,0
DA:23,0
DA:24,0
DA:26,0
DA:27,0
DA:28,0
DA:29,0
LF:18
LH:0
end_of_record
SF:lib/game/game_state.dart
DA:12,0
DA:17,2
DA:18,1
DA:19,1
DA:20,1
DA:23,0
DA:24,0
LF:7
LH:4
end_of_record
