SF:lib/adventures/models/adventure_model.dart
DA:13,5
DA:14,0
DA:19,0
DA:20,0
DA:22,3
LF:5
LH:2
end_of_record
SF:lib/shared/models/adventure_node.dart
DA:10,1
DA:12,1
DA:14,1
DA:16,0
DA:24,21
DA:25,15
DA:26,6
DA:27,3
DA:31,12
DA:33,0
DA:35,0
DA:36,0
DA:38,0
DA:39,0
DA:42,0
DA:45,0
DA:47,0
DA:48,0
LF:18
LH:8
end_of_record
SF:lib/adventures/models/adventure_model.g.dart
DA:9,0
DA:10,0
DA:11,0
DA:12,0
DA:15,0
DA:16,0
DA:17,0
DA:18,0
LF:8
LH:0
end_of_record
SF:lib/app_state.dart
DA:15,0
DA:30,10
DA:32,5
DA:33,10
DA:34,5
DA:35,5
DA:38,5
DA:39,5
DA:40,5
DA:41,5
DA:44,0
LF:11
LH:9
end_of_record
SF:lib/app_state.g.dart
DA:9,0
DA:10,0
DA:11,0
DA:12,0
DA:13,0
DA:14,0
DA:15,0
DA:16,0
DA:17,0
DA:18,0
DA:20,0
DA:22,0
DA:24,0
DA:25,0
DA:26,0
DA:29,0
DA:30,0
DA:31,0
DA:32,0
DA:33,0
DA:35,0
DA:36,0
DA:38,0
DA:39,0
DA:40,0
DA:41,0
DA:42,0
DA:43,0
LF:28
LH:0
end_of_record
SF:lib/challenges/models/challenge_model.dart
DA:13,4
DA:14,0
DA:17,1
DA:18,1
DA:20,2
LF:5
LH:4
end_of_record
SF:lib/challenges/models/challenge_model.g.dart
DA:9,1
DA:10,0
DA:11,1
DA:12,1
DA:15,0
DA:16,0
DA:17,0
DA:18,0
LF:8
LH:3
end_of_record
SF:lib/shared/actions/create_adventure_node_action.dart
DA:9,2
DA:10,0
DA:13,0
DA:14,0
DA:16,0
LF:5
LH:1
end_of_record
SF:lib/shared/actions/create_adventure_node_action.g.dart
DA:9,0
DA:11,0
DA:12,0
DA:15,0
DA:17,0
DA:18,0
LF:6
LH:0
end_of_record
SF:lib/shared/middleware/create_adventure_node_middleware.dart
DA:10,1
DA:11,2
DA:12,1
DA:15,4
DA:18,1
DA:20,3
DA:21,3
DA:22,1
DA:23,1
DA:28,3
DA:29,3
DA:30,1
DA:31,1
DA:32,5
DA:38,3
DA:39,3
DA:40,1
DA:41,1
DA:42,5
DA:48,3
DA:49,3
DA:50,1
DA:51,1
DA:52,5
DA:58,1
LF:25
LH:25
end_of_record
SF:lib/tasks/models/task_model.dart
DA:13,3
DA:14,0
DA:19,0
DA:21,1
LF:4
LH:2
end_of_record
SF:lib/tasks/models/task_model.g.dart
DA:9,0
DA:10,0
DA:11,0
DA:14,0
DA:15,0
DA:16,0
DA:17,0
LF:7
LH:0
end_of_record
SF:lib/adventures/models/adventures_state.g.dart
DA:9,0
DA:10,0
DA:11,0
DA:13,0
DA:14,0
DA:15,0
DA:18,0
DA:19,0
DA:20,0
DA:21,0
DA:22,0
LF:11
LH:0
end_of_record
SF:lib/adventures/models/adventures_state.dart
DA:14,5
DA:15,0
DA:19,0
DA:20,0
DA:22,15
DA:24,0
LF:6
LH:2
end_of_record
SF:lib/challenges/models/challenges_state.dart
DA:14,5
DA:15,0
DA:19,0
DA:20,0
DA:22,15
DA:24,0
LF:6
LH:2
end_of_record
SF:lib/challenges/models/challenges_state.g.dart
DA:9,0
DA:10,0
DA:11,0
DA:13,0
DA:14,0
DA:15,0
DA:18,0
DA:19,0
DA:20,0
DA:21,0
DA:22,0
LF:11
LH:0
end_of_record
SF:lib/steps/models/steps_state.dart
DA:14,5
DA:15,0
DA:18,0
DA:20,15
DA:22,0
LF:5
LH:2
end_of_record
SF:lib/steps/models/steps_state.g.dart
DA:9,0
DA:10,0
DA:11,0
DA:13,0
DA:14,0
DA:15,0
DA:18,0
DA:19,0
DA:20,0
DA:21,0
DA:22,0
LF:11
LH:0
end_of_record
SF:lib/tasks/models/tasks_state.dart
DA:14,5
DA:15,0
DA:18,0
DA:20,15
DA:22,0
LF:5
LH:2
end_of_record
SF:lib/tasks/models/tasks_state.g.dart
DA:9,0
DA:10,0
DA:11,0
DA:13,0
DA:14,0
DA:15,0
DA:18,0
DA:19,0
DA:20,0
DA:21,0
DA:22,0
LF:11
LH:0
end_of_record
SF:lib/steps/models/step_model.dart
DA:13,2
DA:14,0
DA:16,0
DA:18,1
LF:4
LH:2
end_of_record
SF:lib/steps/models/step_model.g.dart
DA:9,0
DA:10,0
DA:11,0
DA:14,0
DA:15,0
DA:16,0
DA:17,0
LF:7
LH:0
end_of_record
SF:lib/shared/actions/select_adventure_node_action.dart
DA:11,2
DA:12,0
DA:16,0
DA:17,0
DA:19,0
LF:5
LH:1
end_of_record
SF:lib/shared/actions/select_adventure_node_action.g.dart
DA:9,0
DA:11,0
DA:13,0
DA:16,0
DA:18,0
DA:19,0
LF:6
LH:0
end_of_record
SF:lib/shared/middleware/select_adventure_node_middleware.dart
DA:15,1
DA:16,2
DA:17,1
DA:20,1
DA:22,2
DA:23,2
DA:26,2
DA:27,1
DA:32,0
DA:33,0
DA:36,0
DA:37,0
DA:42,0
DA:43,0
DA:46,0
DA:47,0
DA:52,1
LF:17
LH:9
end_of_record
SF:lib/shared/actions/set_adventure_nodes_action.dart
DA:12,1
DA:13,0
DA:15,0
DA:16,0
DA:18,0
LF:5
LH:1
end_of_record
SF:lib/shared/actions/set_adventure_nodes_action.g.dart
DA:9,0
DA:11,0
DA:12,0
DA:15,0
DA:17,0
DA:18,0
DA:19,0
LF:7
LH:0
end_of_record
SF:lib/shared/extensions/json_list_extension.dart
DA:10,0
DA:11,0
DA:12,0
DA:14,1
DA:15,3
DA:16,1
DA:18,0
DA:19,0
DA:21,0
DA:22,0
LF:10
LH:3
end_of_record
SF:lib/shared/reducers/select_adventure_node_reducer.dart
DA:15,1
DA:16,2
DA:17,1
DA:18,1
DA:19,2
DA:20,1
DA:21,3
DA:22,1
DA:25,1
DA:26,2
DA:27,1
DA:28,3
DA:29,1
DA:32,1
DA:33,2
DA:34,1
DA:35,3
DA:36,1
DA:39,1
DA:40,1
DA:41,3
LF:21
LH:21
end_of_record
SF:lib/shared/reducers/set_adventure_nodes_reducer.dart
DA:13,1
DA:14,2
DA:15,2
DA:16,1
DA:17,3
DA:20,2
DA:21,1
DA:22,3
DA:25,2
DA:26,4
DA:29,2
DA:30,4
LF:12
LH:12
end_of_record
SF:lib/shared/pages/new_item_dialog.dart
DA:15,0
DA:16,0
DA:18,0
DA:19,0
DA:20,0
DA:22,0
DA:23,0
DA:24,0
DA:26,0
DA:27,0
DA:30,0
DA:32,0
DA:33,0
DA:34,0
DA:43,1
DA:46,1
DA:50,1
DA:52,1
DA:55,4
DA:56,3
DA:57,3
DA:58,3
DA:59,1
DA:61,1
DA:62,1
DA:63,1
DA:64,1
DA:65,0
DA:67,0
DA:70,0
DA:71,0
DA:76,1
DA:77,1
DA:78,1
DA:80,2
DA:86,1
DA:89,1
DA:90,1
DA:91,2
DA:92,1
DA:93,1
DA:94,1
DA:95,1
DA:96,1
DA:97,2
DA:98,3
DA:99,3
DA:104,2
DA:106,1
DA:107,1
DA:108,2
DA:109,1
DA:110,1
DA:111,1
DA:112,1
DA:113,1
DA:114,2
DA:115,3
DA:116,3
DA:130,1
DA:133,0
DA:137,1
DA:139,1
DA:140,2
DA:141,2
LF:65
LH:46
end_of_record
SF:lib/shared/widgets/adventure_nodes_drop_down.dart
DA:13,1
DA:17,1
DA:21,1
DA:23,1
DA:25,1
DA:26,1
DA:27,1
DA:30,1
DA:33,0
DA:34,0
DA:36,1
DA:37,1
DA:38,1
DA:40,0
DA:43,1
DA:45,1
DA:46,1
DA:48,0
DA:51,1
LF:19
LH:15
end_of_record
SF:lib/shared/extensions/build_context_extension.dart
DA:9,0
LF:1
LH:0
end_of_record
SF:lib/shared/models/drop_down_model.dart
DA:8,1
LF:1
LH:1
end_of_record
