SF:lib/app_state.g.dart
DA:9,0
DA:10,0
DA:11,0
DA:12,0
DA:13,0
DA:14,0
DA:15,0
DA:16,0
DA:17,0
DA:18,0
DA:20,0
DA:21,0
DA:22,0
DA:24,0
DA:25,0
DA:26,0
DA:28,0
DA:31,0
DA:32,0
DA:33,0
DA:34,0
DA:36,0
DA:37,0
DA:39,0
DA:40,0
DA:41,0
DA:42,0
DA:43,0
DA:44,0
DA:45,0
LF:30
LH:0
end_of_record
SF:lib/app_state.dart
DA:15,0
DA:38,10
DA:39,5
DA:40,10
DA:41,5
DA:42,5
DA:45,5
DA:48,5
DA:51,5
DA:54,0
LF:10
LH:8
end_of_record
SF:lib/sections/actions/update_new_section_v_m_action.dart
DA:9,3
DA:10,0
DA:13,0
DA:14,0
DA:16,0
LF:5
LH:1
end_of_record
SF:lib/sections/actions/update_new_section_v_m_action.g.dart
DA:9,0
DA:11,0
DA:12,0
DA:15,0
DA:17,0
DA:18,0
LF:6
LH:0
end_of_record
SF:lib/sections/reducers/update_new_section_v_m_reducer.dart
DA:8,1
DA:9,3
DA:10,3
LF:3
LH:3
end_of_record
SF:lib/organisations/models/organisations_section_model.dart
DA:14,5
DA:15,0
DA:21,10
DA:22,5
DA:23,5
DA:26,0
DA:27,0
DA:29,0
LF:8
LH:4
end_of_record
SF:lib/organisations/models/organisations_section_model.g.dart
DA:9,0
DA:11,0
DA:12,0
DA:13,0
DA:14,0
DA:15,0
DA:16,0
DA:19,0
DA:21,0
DA:22,0
DA:23,0
DA:24,0
LF:12
LH:0
end_of_record
SF:lib/projects/models/projects_section.dart
DA:14,5
DA:15,0
DA:20,0
DA:21,0
DA:23,5
DA:24,10
DA:26,0
LF:7
LH:3
end_of_record
SF:lib/projects/models/projects_section.g.dart
DA:9,0
DA:10,0
DA:11,0
DA:12,0
DA:13,0
DA:16,0
DA:17,0
DA:18,0
DA:19,0
DA:21,0
LF:10
LH:0
end_of_record
SF:lib/projects/models/sections_v_m.g.dart
DA:9,0
DA:10,0
DA:11,0
DA:12,0
DA:13,0
DA:14,0
DA:17,0
DA:18,0
DA:19,0
DA:20,0
DA:21,0
DA:23,0
LF:12
LH:0
end_of_record
SF:lib/projects/models/sections_v_m.dart
DA:12,5
DA:13,0
DA:19,0
DA:21,10
DA:22,10
LF:5
LH:3
end_of_record
SF:lib/teams/models/team_member.dart
DA:9,0
DA:17,0
LF:2
LH:0
end_of_record
SF:lib/teams/models/team_member.g.dart
DA:9,0
DA:10,0
DA:11,0
DA:12,0
DA:13,0
DA:14,0
DA:15,0
DA:18,0
DA:19,0
DA:20,0
DA:21,0
DA:22,0
DA:23,0
DA:24,0
LF:14
LH:0
end_of_record
SF:lib/organisations/models/organisation_creator_view_model.dart
DA:12,5
DA:13,0
DA:21,0
DA:22,0
DA:24,0
LF:5
LH:1
end_of_record
SF:lib/organisations/models/organisation_creator_view_model.g.dart
DA:9,0
DA:11,0
DA:12,0
DA:13,0
DA:16,0
DA:18,0
DA:19,0
DA:20,0
LF:8
LH:0
end_of_record
SF:lib/organisations/models/organisation_model.dart
DA:12,0
DA:13,0
DA:22,0
DA:23,0
DA:25,0
DA:28,0
DA:29,0
DA:30,0
DA:33,0
LF:9
LH:0
end_of_record
SF:lib/organisations/models/organisation_model.g.dart
DA:9,0
DA:10,0
DA:11,0
DA:12,0
DA:14,0
DA:16,0
DA:18,0
DA:21,0
DA:22,0
DA:23,0
DA:24,0
DA:25,0
DA:26,0
DA:28,0
DA:29,0
DA:31,0
DA:32,0
LF:17
LH:0
end_of_record
SF:lib/organisations/models/organisation_selector_view_model.dart
DA:15,5
DA:16,0
DA:21,5
DA:22,10
DA:24,0
DA:25,0
DA:27,0
LF:7
LH:3
end_of_record
SF:lib/organisations/models/organisation_selector_view_model.g.dart
DA:9,0
DA:11,0
DA:12,0
DA:14,0
DA:15,0
DA:16,0
DA:17,0
DA:20,0
DA:22,0
DA:23,0
DA:24,0
DA:25,0
LF:12
LH:0
end_of_record
SF:lib/projects/models/project_model.dart
DA:12,0
DA:13,0
DA:23,0
DA:25,0
DA:28,0
DA:29,0
DA:30,0
DA:31,0
DA:32,0
DA:35,0
LF:10
LH:0
end_of_record
SF:lib/projects/models/project_model.g.dart
DA:9,0
DA:10,0
DA:11,0
DA:12,0
DA:14,0
DA:16,0
DA:18,0
DA:19,0
DA:20,0
DA:22,0
DA:25,0
DA:26,0
DA:27,0
DA:28,0
DA:29,0
DA:30,0
DA:32,0
DA:33,0
DA:35,0
DA:36,0
DA:38,0
DA:39,0
DA:41,0
DA:42,0
LF:24
LH:0
end_of_record
SF:lib/projects/models/section_model.dart
DA:9,0
DA:15,4
LF:2
LH:1
end_of_record
SF:lib/projects/models/section_model.g.dart
DA:9,2
DA:10,2
DA:11,2
DA:12,2
DA:13,2
DA:16,2
DA:17,2
DA:18,2
DA:19,2
DA:20,2
LF:10
LH:10
end_of_record
SF:lib/projects/widgets/project-detail/new_section_item.dart
DA:10,2
DA:12,2
DA:14,2
DA:16,2
DA:18,2
DA:19,4
DA:21,2
DA:23,2
DA:24,1
DA:25,1
DA:34,1
DA:35,2
LF:12
LH:12
end_of_record
SF:lib/sections/actions/create_section_action.dart
DA:9,16
DA:10,0
DA:12,0
DA:13,0
DA:15,0
LF:5
LH:1
end_of_record
SF:lib/sections/actions/create_section_action.g.dart
DA:9,0
DA:11,0
DA:13,0
DA:15,0
LF:4
LH:0
end_of_record
SF:lib/sections/actions/update_sections_v_m_action.dart
DA:9,3
DA:10,0
DA:13,0
DA:14,0
DA:16,0
LF:5
LH:1
end_of_record
SF:lib/sections/actions/update_sections_v_m_action.g.dart
DA:9,0
DA:11,0
DA:12,0
DA:15,0
DA:17,0
DA:18,0
LF:6
LH:0
end_of_record
SF:lib/sections/reducers/update_sections_v_m_reducer.dart
DA:8,1
DA:9,3
DA:10,3
LF:3
LH:3
end_of_record
SF:lib/sections/actions/set_sections_action.g.dart
DA:9,1
DA:10,1
DA:11,2
DA:12,2
DA:15,1
DA:17,1
DA:18,2
DA:19,2
LF:8
LH:8
end_of_record
SF:lib/sections/actions/set_sections_action.dart
DA:12,1
DA:13,0
DA:16,1
DA:17,1
DA:19,0
LF:5
LH:3
end_of_record
SF:lib/sections/middleware/create_section_middleware.dart
DA:11,1
DA:12,2
DA:13,1
DA:16,1
DA:18,1
DA:21,5
DA:23,0
LF:7
LH:6
end_of_record
SF:lib/projects/widgets/project-detail/sections_view.dart
DA:13,1
DA:14,1
DA:16,1
DA:17,2
DA:19,3
DA:20,1
DA:21,1
DA:24,1
DA:25,1
DA:26,2
LF:10
LH:10
end_of_record
SF:lib/projects/widgets/project-detail/buttons/section_folder_button.dart
DA:8,0
DA:10,0
DA:13,0
DA:14,0
DA:16,0
LF:5
LH:0
end_of_record
SF:lib/projects/widgets/project-detail/buttons/use_case_document_button.dart
DA:8,0
DA:10,0
DA:13,0
DA:14,0
DA:16,0
LF:5
LH:0
end_of_record
SF:lib/projects/widgets/project-detail/sections_list_item.dart
DA:10,0
DA:12,0
DA:14,0
DA:16,0
DA:18,0
DA:20,0
DA:22,0
DA:24,0
DA:25,0
DA:27,0
DA:28,0
DA:32,0
DA:33,0
DA:34,0
DA:35,0
LF:15
LH:0
end_of_record
SF:lib/projects/widgets/project-detail/sections_list_view.dart
DA:11,2
DA:13,1
DA:15,1
DA:17,1
DA:19,2
DA:20,0
LF:6
LH:5
end_of_record
SF:lib/sections/actions/tap_sections_action.dart
DA:9,1
DA:10,0
DA:13,0
DA:14,0
DA:16,0
LF:5
LH:1
end_of_record
SF:lib/sections/actions/tap_sections_action.g.dart
DA:9,0
DA:10,0
DA:11,0
DA:14,0
DA:16,0
DA:17,0
LF:6
LH:0
end_of_record
